<?xml version="1.0" encoding="UTF-8"?>
<!-- Generated by org.testng.reporters.JUnitReportReporter -->
<testsuite skipped="0" hostname="ELF34-ShivaKumarHR" name="test_Scripts.TC_ShoppingCart_017" tests="1" failures="0" timestamp="18 Jun 2022 15:09:11 GMT" time="37.299" errors="0">
  <testcase name="testScript17" time="37.299" classname="test_Scripts.TC_ShoppingCart_017"/>
</testsuite> <!-- test_Scripts.TC_ShoppingCart_017 -->
