<?xml version="1.0" encoding="UTF-8"?>
<!-- Generated by org.testng.reporters.JUnitReportReporter -->
<testsuite skipped="0" hostname="ELF34-ShivaKumarHR" name="test_Scripts.TScript_03" tests="1" failures="0" timestamp="19 Jun 2022 15:54:06 GMT" time="50.366" errors="0">
  <testcase name="tc_03" time="50.366" classname="test_Scripts.TScript_03"/>
</testsuite> <!-- test_Scripts.TScript_03 -->
