<?xml version="1.0" encoding="UTF-8"?>
<!-- Generated by org.testng.reporters.JUnitReportReporter -->
<testsuite skipped="0" hostname="ELF34-ShivaKumarHR" name="test_Scripts.TScript_01" tests="4" failures="0" timestamp="19 Jun 2022 15:32:12 GMT" time="28.069" errors="0">
  <testcase name="Tc_01" time="8.195" classname="test_Scripts.TScript_01"/>
  <testcase name="Tc_01" time="7.586" classname="test_Scripts.TScript_01"/>
  <testcase name="Tc_01" time="7.315" classname="test_Scripts.TScript_01"/>
  <testcase name="Tc_01" time="4.973" classname="test_Scripts.TScript_01"/>
</testsuite> <!-- test_Scripts.TScript_01 -->
