<?xml version="1.0" encoding="UTF-8"?>
<!-- Generated by org.testng.reporters.JUnitReportReporter -->
<testsuite skipped="0" hostname="ELF34-ShivaKumarHR" name="test_Scripts.TScript_22" tests="1" failures="0" timestamp="19 Jun 2022 17:38:55 GMT" time="16.137" errors="0">
  <testcase name="TestData20" time="16.137" classname="test_Scripts.TScript_22"/>
</testsuite> <!-- test_Scripts.TScript_22 -->
