<?xml version="1.0" encoding="UTF-8"?>
<!-- Generated by org.testng.reporters.JUnitReportReporter -->
<testsuite skipped="0" hostname="ELF34-ShivaKumarHR" name="test_Scripts.SampleTest" tests="1" failures="0" timestamp="17 Jun 2022 03:51:44 GMT" time="4.173" errors="0">
  <testcase name="sample" time="4.173" classname="test_Scripts.SampleTest"/>
</testsuite> <!-- test_Scripts.SampleTest -->
