<?xml version="1.0" encoding="UTF-8"?>
<!-- Generated by org.testng.reporters.JUnitReportReporter -->
<testsuite skipped="0" hostname="ELF34-ShivaKumarHR" name="test_Scripts.TScript_17" tests="1" failures="0" timestamp="19 Jun 2022 17:08:49 GMT" time="18.608" errors="0">
  <testcase name="testScript17" time="18.608" classname="test_Scripts.TScript_17"/>
</testsuite> <!-- test_Scripts.TScript_17 -->
