<?xml version="1.0" encoding="UTF-8"?>
<!-- Generated by org.testng.reporters.JUnitReportReporter -->
<testsuite skipped="0" hostname="ELF34-ShivaKumarHR" name="test_Scripts.TScript_04" tests="1" failures="0" timestamp="19 Jun 2022 15:58:58 GMT" time="11.240" errors="0">
  <testcase name="testScript4" time="11.240" classname="test_Scripts.TScript_04"/>
</testsuite> <!-- test_Scripts.TScript_04 -->
