<?xml version="1.0" encoding="UTF-8"?>
<!-- Generated by org.testng.reporters.JUnitReportReporter -->
<testsuite skipped="0" hostname="ELF34-ShivaKumarHR" name="test_Scripts.TScript_18" tests="1" failures="0" timestamp="19 Jun 2022 17:10:15 GMT" time="16.762" errors="0">
  <testcase name="TestCase18" time="16.762" classname="test_Scripts.TScript_18"/>
</testsuite> <!-- test_Scripts.TScript_18 -->
