<?xml version="1.0" encoding="UTF-8"?>
<!-- Generated by org.testng.reporters.JUnitReportReporter -->
<testsuite skipped="0" hostname="ELF34-ShivaKumarHR" name="test_Scripts.Tscript_023" tests="1" failures="0" timestamp="18 Jun 2022 09:26:17 GMT" time="13.485" errors="0">
  <testcase name="tc_23" time="13.485" classname="test_Scripts.Tscript_023"/>
</testsuite> <!-- test_Scripts.Tscript_023 -->
