<?xml version="1.0" encoding="UTF-8"?>
<!-- Generated by org.testng.reporters.JUnitReportReporter -->
<testsuite skipped="1" hostname="ELF34-ShivaKumarHR" name="test_Scripts.TC_ShoppingCart_020" tests="1" failures="0" timestamp="18 Jun 2022 15:07:34 GMT" time="0.000" errors="0">
  <testcase name="TestData20" time="0.000" classname="test_Scripts.TC_ShoppingCart_020">
    <skipped/>
  </testcase> <!-- TestData20 -->
</testsuite> <!-- test_Scripts.TC_ShoppingCart_020 -->
