<?xml version="1.0" encoding="UTF-8"?>
<!-- Generated by org.testng.reporters.JUnitReportReporter -->
<testsuite skipped="0" hostname="ELF34-ShivaKumarHR" name="test_Scripts.TScript_07" tests="1" failures="0" timestamp="20 Jun 2022 05:45:27 GMT" time="6.214" errors="0">
  <testcase name="testScript1" time="6.214" classname="test_Scripts.TScript_07"/>
</testsuite> <!-- test_Scripts.TScript_07 -->
