<?xml version="1.0" encoding="UTF-8"?>
<!-- Generated by org.testng.reporters.JUnitReportReporter -->
<testsuite skipped="0" hostname="ELF34-ShivaKumarHR" name="test_Scripts.TScript_08" tests="1" failures="0" timestamp="19 Jun 2022 16:53:23 GMT" time="26.546" errors="0">
  <testcase name="testScript1" time="26.546" classname="test_Scripts.TScript_08"/>
</testsuite> <!-- test_Scripts.TScript_08 -->
