<?xml version="1.0" encoding="UTF-8"?>
<!-- Generated by org.testng.reporters.JUnitReportReporter -->
<testsuite skipped="0" hostname="ELF34-ShivaKumarHR" name="test_Scripts.TScript_15" tests="1" failures="0" timestamp="19 Jun 2022 17:07:10 GMT" time="105.052" errors="0">
  <testcase name="testScript1" time="105.052" classname="test_Scripts.TScript_15"/>
</testsuite> <!-- test_Scripts.TScript_15 -->
