<?xml version="1.0" encoding="UTF-8"?>
<!-- Generated by org.testng.reporters.JUnitReportReporter -->
<testsuite skipped="0" hostname="ELF34-ShivaKumarHR" name="test_Scripts.TScript_002" tests="1" failures="0" timestamp="17 Jun 2022 05:16:01 GMT" time="3.700" errors="0">
  <testcase name="tc_02" time="3.700" classname="test_Scripts.TScript_002"/>
</testsuite> <!-- test_Scripts.TScript_002 -->
