<?xml version="1.0" encoding="UTF-8"?>
<!-- Generated by org.testng.reporters.JUnitReportReporter -->
<testsuite skipped="0" hostname="ELF34-ShivaKumarHR" name="test_Scripts.TScript_003" tests="1" failures="0" timestamp="17 Jun 2022 08:46:18 GMT" time="7.663" errors="0">
  <testcase name="tc_03" time="7.663" classname="test_Scripts.TScript_003"/>
</testsuite> <!-- test_Scripts.TScript_003 -->
