<?xml version="1.0" encoding="UTF-8"?>
<!-- Generated by org.testng.reporters.JUnitReportReporter -->
<testsuite skipped="0" hostname="ELF34-ShivaKumarHR" name="test_Scripts.TScript_24" tests="1" failures="0" timestamp="19 Jun 2022 17:55:38 GMT" time="51.806" errors="0">
  <testcase name="testScrips24" time="51.806" classname="test_Scripts.TScript_24"/>
</testsuite> <!-- test_Scripts.TScript_24 -->
