<?xml version="1.0" encoding="UTF-8"?>
<!-- Generated by org.testng.reporters.JUnitReportReporter -->
<testsuite skipped="0" hostname="ELF34-ShivaKumarHR" name="test_Scripts.TScript_001" tests="4" failures="0" timestamp="17 Jun 2022 11:03:09 GMT" time="13.340" errors="0">
  <testcase name="Tc_01" time="4.306" classname="test_Scripts.TScript_001"/>
  <testcase name="Tc_01" time="2.925" classname="test_Scripts.TScript_001"/>
  <testcase name="Tc_01" time="3.217" classname="test_Scripts.TScript_001"/>
  <testcase name="Tc_01" time="2.892" classname="test_Scripts.TScript_001"/>
</testsuite> <!-- test_Scripts.TScript_001 -->
