<?xml version="1.0" encoding="UTF-8"?>
<!-- Generated by org.testng.reporters.JUnitReportReporter -->
<testsuite skipped="0" hostname="ELF34-ShivaKumarHR" name="test_Scripts.TScript_09" tests="1" failures="0" timestamp="19 Jun 2022 16:55:24 GMT" time="32.591" errors="0">
  <testcase name="testScript1" time="32.591" classname="test_Scripts.TScript_09"/>
</testsuite> <!-- test_Scripts.TScript_09 -->
