<?xml version="1.0" encoding="UTF-8"?>
<!-- Generated by org.testng.reporters.JUnitReportReporter -->
<testsuite skipped="0" hostname="ELF34-ShivaKumarHR" name="test_Scripts.TC_ShoppingCart_018" tests="1" failures="0" timestamp="18 Jun 2022 15:13:45 GMT" time="32.195" errors="0">
  <testcase name="TestCase18" time="32.195" classname="test_Scripts.TC_ShoppingCart_018"/>
</testsuite> <!-- test_Scripts.TC_ShoppingCart_018 -->
