<?xml version="1.0" encoding="UTF-8"?>
<!-- Generated by org.testng.reporters.JUnitReportReporter -->
<testsuite skipped="0" hostname="ELF34-ShivaKumarHR" name="test_Scripts.TScript_02" tests="1" failures="0" timestamp="19 Jun 2022 15:49:03 GMT" time="19.853" errors="0">
  <testcase name="tc_02" time="19.853" classname="test_Scripts.TScript_02"/>
</testsuite> <!-- test_Scripts.TScript_02 -->
