<?xml version="1.0" encoding="UTF-8"?>
<!-- Generated by org.testng.reporters.JUnitReportReporter -->
<testsuite skipped="1" hostname="ELF34-ShivaKumarHR" name="test_Scripts.TC_ShoppingCart_019" tests="1" failures="0" timestamp="18 Jun 2022 15:05:00 GMT" time="0.000" errors="0">
  <testcase name="TestCase19" time="0.000" classname="test_Scripts.TC_ShoppingCart_019">
    <skipped/>
  </testcase> <!-- TestCase19 -->
</testsuite> <!-- test_Scripts.TC_ShoppingCart_019 -->
