<?xml version="1.0" encoding="UTF-8"?>
<!-- Generated by org.testng.reporters.JUnitReportReporter -->
<testsuite skipped="0" hostname="ELF34-ShivaKumarHR" name="test_Scripts.TScript_13" tests="1" failures="0" timestamp="19 Jun 2022 17:01:15 GMT" time="13.714" errors="0">
  <testcase name="testScript1" time="13.714" classname="test_Scripts.TScript_13"/>
</testsuite> <!-- test_Scripts.TScript_13 -->
