<?xml version="1.0" encoding="UTF-8"?>
<!-- Generated by org.testng.reporters.JUnitReportReporter -->
<testsuite skipped="0" hostname="ELF34-ShivaKumarHR" name="test_Scripts.TScript_022" tests="1" failures="0" timestamp="18 Jun 2022 09:18:27 GMT" time="11.652" errors="0">
  <testcase name="tc_21" time="11.652" classname="test_Scripts.TScript_022"/>
</testsuite> <!-- test_Scripts.TScript_022 -->
