<?xml version="1.0" encoding="UTF-8"?>
<!-- Generated by org.testng.reporters.JUnitReportReporter -->
<testsuite skipped="0" hostname="ELF34-ShivaKumarHR" name="test_Scripts.TScript_10" tests="1" failures="0" timestamp="19 Jun 2022 16:57:45 GMT" time="69.734" errors="0">
  <testcase name="testScript1" time="69.734" classname="test_Scripts.TScript_10"/>
</testsuite> <!-- test_Scripts.TScript_10 -->
