<?xml version="1.0" encoding="UTF-8"?>
<!-- Generated by org.testng.reporters.JUnitReportReporter -->
<testsuite skipped="0" hostname="ELF34-ShivaKumarHR" name="test_Scripts.TScript_14" tests="1" failures="0" timestamp="19 Jun 2022 17:03:07 GMT" time="24.648" errors="0">
  <testcase name="testScript1" time="24.648" classname="test_Scripts.TScript_14"/>
</testsuite> <!-- test_Scripts.TScript_14 -->
