<?xml version="1.0" encoding="UTF-8"?>
<!-- Generated by org.testng.reporters.JUnitReportReporter -->
<testsuite skipped="0" hostname="ELF34-ShivaKumarHR" name="test_Scripts.Tscript_23" tests="1" failures="0" timestamp="19 Jun 2022 17:40:26 GMT" time="15.791" errors="0">
  <testcase name="TestData20" time="15.791" classname="test_Scripts.Tscript_23"/>
</testsuite> <!-- test_Scripts.Tscript_23 -->
