<?xml version="1.0" encoding="UTF-8"?>
<!-- Generated by org.testng.reporters.JUnitReportReporter -->
<testsuite skipped="0" hostname="ELF34-ShivaKumarHR" name="test_Scripts.TScript_26" tests="1" failures="0" timestamp="19 Jun 2022 18:14:23 GMT" time="34.068" errors="0">
  <testcase name="TestData20" time="34.068" classname="test_Scripts.TScript_26"/>
</testsuite> <!-- test_Scripts.TScript_26 -->
