<?xml version="1.0" encoding="UTF-8"?>
<!-- Generated by org.testng.reporters.JUnitReportReporter -->
<testsuite skipped="0" hostname="ELF34-ShivaKumarHR" name="test_Scripts.TScript_05" tests="1" failures="0" timestamp="19 Jun 2022 16:02:10 GMT" time="51.142" errors="0">
  <testcase name="testScript5" time="51.142" classname="test_Scripts.TScript_05"/>
</testsuite> <!-- test_Scripts.TScript_05 -->
