<?xml version="1.0" encoding="UTF-8"?>
<!-- Generated by org.testng.reporters.JUnitReportReporter -->
<testsuite skipped="0" hostname="ELF34-ShivaKumarHR" name="test_Scripts.TScript_21" tests="1" failures="0" timestamp="19 Jun 2022 17:36:34 GMT" time="25.305" errors="0">
  <testcase name="TestData21" time="25.305" classname="test_Scripts.TScript_21"/>
</testsuite> <!-- test_Scripts.TScript_21 -->
