<?xml version="1.0" encoding="UTF-8"?>
<!-- Generated by org.testng.reporters.JUnitReportReporter -->
<testsuite skipped="0" hostname="ELF34-ShivaKumarHR" name="test_Scripts.TScript_19" tests="1" failures="0" timestamp="19 Jun 2022 17:12:52 GMT" time="62.126" errors="0">
  <testcase name="TestCase19" time="62.126" classname="test_Scripts.TScript_19"/>
</testsuite> <!-- test_Scripts.TScript_19 -->
